[DEBUG] 2018-03-09 21:42:14.399 [main] ShopTest - sign in click
[DEBUG] 2018-03-09 21:42:14.750 [main] ShopTest - main input
[DEBUG] 2018-03-09 21:42:14.898 [main] ShopTest - password input
[DEBUG] 2018-03-09 21:42:16.701 [main] ShopTest - log in click
[INFO ] 2018-03-09 21:42:16.749 [main] ShopTest - Log in  successful
[DEBUG] 2018-03-09 21:45:27.514 [main] ShopTest - sign in click
[DEBUG] 2018-03-09 21:45:27.810 [main] ShopTest - main input
[DEBUG] 2018-03-09 21:45:27.951 [main] ShopTest - password input
[DEBUG] 2018-03-09 21:45:29.425 [main] ShopTest - log in click
[INFO ] 2018-03-09 21:45:29.475 [main] ShopTest - Log in  successful
[DEBUG] 2018-03-09 21:46:19.792 [main] ShopTest - sign in click
[DEBUG] 2018-03-09 21:46:20.155 [main] ShopTest - main input
[DEBUG] 2018-03-09 21:46:20.293 [main] ShopTest - password input
[DEBUG] 2018-03-09 21:46:21.636 [main] ShopTest - log in click
[INFO ] 2018-03-09 21:46:21.688 [main] ShopTest - Log in  successful
[DEBUG] 2018-03-09 21:48:27.220 [main] ShopTest - sign in click
[DEBUG] 2018-03-09 21:48:27.588 [main] ShopTest - main input
[DEBUG] 2018-03-09 21:48:27.736 [main] ShopTest - password input
[DEBUG] 2018-03-09 21:48:29.099 [main] ShopTest - log in click
[INFO ] 2018-03-09 21:48:29.140 [main] ShopTest - Log in  successful
[DEBUG] 2018-03-09 21:49:33.855 [main] ShopTest - sign in click
[DEBUG] 2018-03-09 21:49:34.204 [main] ShopTest - main input
[DEBUG] 2018-03-09 21:49:34.335 [main] ShopTest - password input
[DEBUG] 2018-03-09 21:49:35.957 [main] ShopTest - log in click
[INFO ] 2018-03-09 21:49:36.015 [main] ShopTest - Log in  successful
[INFO ] 2018-03-09 21:51:15.740 [main] ShopTest - Log in  successful
[INFO ] 2018-03-09 21:52:00.702 [main] ShopTest - Log in  successful
[DEBUG] 2018-03-09 21:54:08.193 [main] ShopTest - sign in click
[DEBUG] 2018-03-09 21:54:08.552 [main] ShopTest - main input
[DEBUG] 2018-03-09 21:54:08.695 [main] ShopTest - password input
[DEBUG] 2018-03-09 21:54:10.355 [main] ShopTest - log in click
[INFO ] 2018-03-09 21:54:10.404 [main] ShopTest - Log in  successful
[DEBUG] 2018-03-09 22:01:03.669 [main] ShopTest - sign in click
[DEBUG] 2018-03-09 22:01:04.050 [main] ShopTest - main input
[DEBUG] 2018-03-09 22:01:04.189 [main] ShopTest - password input
[DEBUG] 2018-03-09 22:01:05.544 [main] ShopTest - log in click
[INFO ] 2018-03-09 22:01:05.594 [main] ShopTest - Log in  successful
[DEBUG] 2018-03-09 22:06:25.563 [main] ShopTest - sign in click
[DEBUG] 2018-03-09 22:06:25.906 [main] ShopTest - main input
[DEBUG] 2018-03-09 22:06:26.036 [main] ShopTest - password input
[DEBUG] 2018-03-09 22:06:27.541 [main] ShopTest - log in click
[INFO ] 2018-03-09 22:06:27.584 [main] ShopTest - Log in  successful
